2023-06-12 12:54:00.701 [info] Log level: Info
2023-06-12 12:54:00.701 [info] Validating found git in: "git"
2023-06-12 12:54:00.701 [info] Using git "2.34.1" from "git"
2023-06-12 12:54:00.701 [info] > git rev-parse --show-toplevel [5ms]
2023-06-12 12:54:00.701 [info] fatal: not a git repository (or any of the parent directories): .git
2023-06-12 12:54:00.701 [info] > git rev-parse --show-toplevel [2ms]
2023-06-12 12:54:00.701 [info] fatal: not a git repository (or any of the parent directories): .git
2023-06-12 12:54:00.702 [info] > git rev-parse --show-toplevel [1ms]
2023-06-12 12:54:00.702 [info] fatal: not a git repository (or any of the parent directories): .git
2023-06-12 12:54:00.706 [info] > git rev-parse --show-toplevel [1ms]
2023-06-12 12:54:00.706 [info] fatal: not a git repository (or any of the parent directories): .git
2023-06-12 12:54:00.709 [info] > git rev-parse --show-toplevel [1ms]
2023-06-12 12:54:00.709 [info] fatal: not a git repository (or any of the parent directories): .git
2023-06-12 12:54:00.711 [info] > git rev-parse --show-toplevel [0ms]
2023-06-12 12:54:00.711 [info] fatal: not a git repository (or any of the parent directories): .git
2023-06-12 12:54:00.714 [info] > git rev-parse --show-toplevel [0ms]
2023-06-12 12:54:00.714 [info] fatal: not a git repository (or any of the parent directories): .git
2023-06-12 12:54:00.717 [info] > git rev-parse --show-toplevel [0ms]
2023-06-12 12:54:00.717 [info] fatal: not a git repository (or any of the parent directories): .git
2023-06-12 12:54:00.720 [info] > git rev-parse --show-toplevel [0ms]
2023-06-12 12:54:00.720 [info] fatal: not a git repository (or any of the parent directories): .git
2023-06-12 12:54:00.723 [info] > git rev-parse --show-toplevel [1ms]
2023-06-12 12:54:00.723 [info] fatal: not a git repository (or any of the parent directories): .git
2023-06-12 12:54:00.726 [info] > git rev-parse --show-toplevel [1ms]
2023-06-12 12:54:00.726 [info] fatal: not a git repository (or any of the parent directories): .git
2023-06-12 12:54:00.729 [info] > git rev-parse --show-toplevel [1ms]
2023-06-12 12:54:00.729 [info] fatal: not a git repository (or any of the parent directories): .git
2023-06-12 12:54:00.732 [info] > git rev-parse --show-toplevel [1ms]
2023-06-12 12:54:00.732 [info] fatal: not a git repository (or any of the parent directories): .git
2023-06-12 12:54:00.735 [info] > git rev-parse --show-toplevel [1ms]
2023-06-12 12:54:00.735 [info] fatal: not a git repository (or any of the parent directories): .git
2023-06-12 12:54:00.738 [info] > git rev-parse --show-toplevel [1ms]
2023-06-12 12:54:00.738 [info] fatal: not a git repository (or any of the parent directories): .git
2023-06-12 12:54:00.741 [info] > git rev-parse --show-toplevel [1ms]
2023-06-12 12:54:00.741 [info] fatal: not a git repository (or any of the parent directories): .git
2023-06-12 12:54:00.744 [info] > git rev-parse --show-toplevel [0ms]
2023-06-12 12:54:00.744 [info] fatal: not a git repository (or any of the parent directories): .git
